<?xml version="1.0" encoding="UTF-8"?>
<testng-results skipped="0" failed="0" ignored="0" total="1" passed="1">
  <reporter-output>
  </reporter-output>
  <suite name="Staging" duration-ms="270551" started-at="2019-02-28T08:09:14Z" finished-at="2019-02-28T08:13:45Z">
    <groups>
    </groups>
    <test name="CTA Smoke Test" duration-ms="270551" started-at="2019-02-28T08:09:14Z" finished-at="2019-02-28T08:13:45Z">
      <class name="isoft.etraffic.ctatestcases.NewTLFullCycleExcel">
        <test-method status="PASS" signature="setup(java.lang.String, java.lang.String, java.lang.String)[pri:0, instance:isoft.etraffic.ctatestcases.NewTLFullCycleExcel@71c8becc]" name="setup" is-config="true" duration-ms="7488" started-at="2019-02-28T08:09:15Z" finished-at="2019-02-28T08:09:23Z">
          <params>
            <param index="0">
              <value>
                <![CDATA[https://tst12c:7793/trfesrv/public_resources/public-access.do]]>
              </value>
            </param>
            <param index="1">
              <value>
                <![CDATA[CHROME]]>
              </value>
            </param>
            <param index="2">
              <value>
                <![CDATA[en]]>
              </value>
            </param>
          </params>
          <reporter-output>
          </reporter-output>
        </test-method> <!-- setup -->
        <test-method status="PASS" signature="NewNoc(java.lang.String, java.lang.String)[pri:0, instance:isoft.etraffic.ctatestcases.NewTLFullCycleExcel@71c8becc]" name="NewNoc" duration-ms="258814" started-at="2019-02-28T08:09:23Z" data-provider="CTA_Activities" finished-at="2019-02-28T08:13:42Z">
          <params>
            <param index="0">
              <value>
                <![CDATA[325]]>
              </value>
            </param>
            <param index="1">
              <value>
                <![CDATA[No]]>
              </value>
            </param>
          </params>
          <reporter-output>
          </reporter-output>
        </test-method> <!-- NewNoc -->
        <test-method status="PASS" signature="tearDown(org.testng.ITestResult)[pri:0, instance:isoft.etraffic.ctatestcases.NewTLFullCycleExcel@71c8becc]" name="tearDown" is-config="true" duration-ms="3212" started-at="2019-02-28T08:13:42Z" finished-at="2019-02-28T08:13:45Z">
          <params>
            <param index="0">
              <value>
                <![CDATA[[TestResult name=NewNoc status=SUCCESS method=NewTLFullCycleExcel.NewNoc(java.lang.String, java.lang.String)[pri:0, instance:isoft.etraffic.ctatestcases.NewTLFullCycleExcel@71c8becc] output={null}]]]>
              </value>
            </param>
          </params>
          <reporter-output>
          </reporter-output>
        </test-method> <!-- tearDown -->
      </class> <!-- isoft.etraffic.ctatestcases.NewTLFullCycleExcel -->
    </test> <!-- CTA Smoke Test -->
  </suite> <!-- Staging -->
</testng-results>
